<?xml version="1.0" encoding="UTF-8"?>
<testsuite xmlns:xsi="http://www.w3.org/2001/XMLSchema-instance" xsi:noNamespaceSchemaLocation="https://maven.apache.org/surefire/maven-surefire-plugin/xsd/surefire-test-report-3.0.xsd" version="3.0" name="org.redlich.metrics.MainTest" time="3.345" tests="2" errors="0" skipped="0" failures="0">
  <properties>
    <property name="java.specification.version" value="21"/>
    <property name="jersey.config.allowSystemPropertiesProvider" value="true"/>
    <property name="sun.jnu.encoding" value="UTF-8"/>
    <property name="java.class.path" value="/usr/local/publications/helidon-book/metrics/target/test-classes:/usr/local/publications/helidon-book/metrics/target/classes:/Users/mpredli01/.m2/repository/io/helidon/microprofile/bundles/helidon-microprofile-core/4.1.0/helidon-microprofile-core-4.1.0.jar:/Users/mpredli01/.m2/repository/io/helidon/microprofile/server/helidon-microprofile-server/4.1.0/helidon-microprofile-server-4.1.0.jar:/Users/mpredli01/.m2/repository/io/helidon/webserver/observe/helidon-webserver-observe/4.1.0/helidon-webserver-observe-4.1.0.jar:/Users/mpredli01/.m2/repository/io/helidon/webserver/helidon-webserver-cors/4.1.0/helidon-webserver-cors-4.1.0.jar:/Users/mpredli01/.m2/repository/io/helidon/cors/helidon-cors/4.1.0/helidon-cors-4.1.0.jar:/Users/mpredli01/.m2/repository/io/helidon/microprofile/cdi/helidon-microprofile-cdi/4.1.0/helidon-microprofile-cdi-4.1.0.jar:/Users/mpredli01/.m2/repository/io/helidon/helidon/4.1.0/helidon-4.1.0.jar:/Users/mpredli01/.m2/repository/io/helidon/microprofile/weld/weld-se-core/4.1.0/weld-se-core-4.1.0.jar:/Users/mpredli01/.m2/repository/io/helidon/microprofile/weld/weld-core-impl/4.1.0/weld-core-impl-4.1.0.jar:/Users/mpredli01/.m2/repository/org/jboss/weld/environment/weld-environment-common/5.1.1.SP2/weld-environment-common-5.1.1.SP2.jar:/Users/mpredli01/.m2/repository/org/jboss/weld/weld-api/5.0.SP3/weld-api-5.0.SP3.jar:/Users/mpredli01/.m2/repository/org/jboss/weld/weld-spi/5.0.SP3/weld-spi-5.0.SP3.jar:/Users/mpredli01/.m2/repository/org/jboss/logging/jboss-logging/3.5.3.Final/jboss-logging-3.5.3.Final.jar:/Users/mpredli01/.m2/repository/org/jboss/classfilewriter/jboss-classfilewriter/1.3.0.Final/jboss-classfilewriter-1.3.0.Final.jar:/Users/mpredli01/.m2/repository/org/jboss/weld/weld-lite-extension-translator/5.1.1.SP2/weld-lite-extension-translator-5.1.1.SP2.jar:/Users/mpredli01/.m2/repository/org/jboss/logging/jboss-logging-processor/2.2.1.Final/jboss-logging-processor-2.2.1.Final.jar:/Users/mpredli01/.m2/repository/org/jboss/logging/jboss-logging-annotations/2.2.1.Final/jboss-logging-annotations-2.2.1.Final.jar:/Users/mpredli01/.m2/repository/org/jboss/jdeparser/jdeparser/2.0.3.Final/jdeparser-2.0.3.Final.jar:/Users/mpredli01/.m2/repository/io/helidon/common/features/helidon-common-features/4.1.0/helidon-common-features-4.1.0.jar:/Users/mpredli01/.m2/repository/io/helidon/common/features/helidon-common-features-api/4.1.0/helidon-common-features-api-4.1.0.jar:/Users/mpredli01/.m2/repository/io/helidon/common/helidon-common-configurable/4.1.0/helidon-common-configurable-4.1.0.jar:/Users/mpredli01/.m2/repository/io/helidon/webserver/helidon-webserver/4.1.0/helidon-webserver-4.1.0.jar:/Users/mpredli01/.m2/repository/io/helidon/common/helidon-common-socket/4.1.0/helidon-common-socket-4.1.0.jar:/Users/mpredli01/.m2/repository/io/helidon/common/helidon-common-key-util/4.1.0/helidon-common-key-util-4.1.0.jar:/Users/mpredli01/.m2/repository/io/helidon/common/helidon-common-security/4.1.0/helidon-common-security-4.1.0.jar:/Users/mpredli01/.m2/repository/io/helidon/common/helidon-common-task/4.1.0/helidon-common-task-4.1.0.jar:/Users/mpredli01/.m2/repository/io/helidon/common/helidon-common-tls/4.1.0/helidon-common-tls-4.1.0.jar:/Users/mpredli01/.m2/repository/io/helidon/http/media/helidon-http-media/4.1.0/helidon-http-media-4.1.0.jar:/Users/mpredli01/.m2/repository/io/helidon/http/encoding/helidon-http-encoding/4.1.0/helidon-http-encoding-4.1.0.jar:/Users/mpredli01/.m2/repository/io/helidon/webserver/helidon-webserver-static-content/4.1.0/helidon-webserver-static-content-4.1.0.jar:/Users/mpredli01/.m2/repository/jakarta/interceptor/jakarta.interceptor-api/2.1.0/jakarta.interceptor-api-2.1.0.jar:/Users/mpredli01/.m2/repository/jakarta/enterprise/jakarta.enterprise.cdi-api/4.0.1/jakarta.enterprise.cdi-api-4.0.1.jar:/Users/mpredli01/.m2/repository/jakarta/enterprise/jakarta.enterprise.lang-model/4.0.1/jakarta.enterprise.lang-model-4.0.1.jar:/Users/mpredli01/.m2/repository/jakarta/el/jakarta.el-api/5.0.1/jakarta.el-api-5.0.1.jar:/Users/mpredli01/.m2/repository/io/helidon/http/media/helidon-http-media-jsonp/4.1.0/helidon-http-media-jsonp-4.1.0.jar:/Users/mpredli01/.m2/repository/io/helidon/webserver/helidon-webserver-context/4.1.0/helidon-webserver-context-4.1.0.jar:/Users/mpredli01/.m2/repository/io/helidon/config/helidon-config/4.1.0/helidon-config-4.1.0.jar:/Users/mpredli01/.m2/repository/io/helidon/common/helidon-common-media-type/4.1.0/helidon-common-media-type-4.1.0.jar:/Users/mpredli01/.m2/repository/io/helidon/jersey/helidon-jersey-server/4.1.0/helidon-jersey-server-4.1.0.jar:/Users/mpredli01/.m2/repository/org/glassfish/jersey/core/jersey-server/3.1.7/jersey-server-3.1.7.jar:/Users/mpredli01/.m2/repository/jakarta/validation/jakarta.validation-api/3.0.2/jakarta.validation-api-3.0.2.jar:/Users/mpredli01/.m2/repository/io/helidon/config/helidon-config-yaml/4.1.0/helidon-config-yaml-4.1.0.jar:/Users/mpredli01/.m2/repository/org/yaml/snakeyaml/2.2/snakeyaml-2.2.jar:/Users/mpredli01/.m2/repository/org/glassfish/jersey/ext/cdi/jersey-weld2-se/3.1.7/jersey-weld2-se-3.1.7.jar:/Users/mpredli01/.m2/repository/org/glassfish/jersey/ext/cdi/jersey-cdi1x/3.1.7/jersey-cdi1x-3.1.7.jar:/Users/mpredli01/.m2/repository/io/helidon/jersey/helidon-jersey-media-jsonp/4.1.0/helidon-jersey-media-jsonp-4.1.0.jar:/Users/mpredli01/.m2/repository/org/glassfish/jersey/media/jersey-media-json-processing/3.1.7/jersey-media-json-processing-3.1.7.jar:/Users/mpredli01/.m2/repository/org/eclipse/parsson/parsson-media/1.1.6/parsson-media-1.1.6.jar:/Users/mpredli01/.m2/repository/io/helidon/microprofile/config/helidon-microprofile-config/4.1.0/helidon-microprofile-config-4.1.0.jar:/Users/mpredli01/.m2/repository/io/helidon/config/helidon-config-mp/4.1.0/helidon-config-mp-4.1.0.jar:/Users/mpredli01/.m2/repository/io/helidon/config/helidon-config-encryption/4.1.0/helidon-config-encryption-4.1.0.jar:/Users/mpredli01/.m2/repository/io/helidon/common/helidon-common-crypto/4.1.0/helidon-common-crypto-4.1.0.jar:/Users/mpredli01/.m2/repository/io/helidon/config/helidon-config-object-mapping/4.1.0/helidon-config-object-mapping-4.1.0.jar:/Users/mpredli01/.m2/repository/jakarta/json/bind/jakarta.json.bind-api/3.0.1/jakarta.json.bind-api-3.0.1.jar:/Users/mpredli01/.m2/repository/org/glassfish/jersey/media/jersey-media-json-binding/3.1.7/jersey-media-json-binding-3.1.7.jar:/Users/mpredli01/.m2/repository/org/glassfish/jersey/core/jersey-common/3.1.7/jersey-common-3.1.7.jar:/Users/mpredli01/.m2/repository/jakarta/ws/rs/jakarta.ws.rs-api/3.1.0/jakarta.ws.rs-api-3.1.0.jar:/Users/mpredli01/.m2/repository/jakarta/annotation/jakarta.annotation-api/2.1.1/jakarta.annotation-api-2.1.1.jar:/Users/mpredli01/.m2/repository/jakarta/inject/jakarta.inject-api/2.0.1/jakarta.inject-api-2.0.1.jar:/Users/mpredli01/.m2/repository/org/glassfish/hk2/osgi-resource-locator/1.0.3/osgi-resource-locator-1.0.3.jar:/Users/mpredli01/.m2/repository/jakarta/json/jakarta.json-api/2.1.3/jakarta.json-api-2.1.3.jar:/Users/mpredli01/.m2/repository/org/eclipse/parsson/parsson/1.1.6/parsson-1.1.6.jar:/Users/mpredli01/.m2/repository/org/eclipse/yasson/3.0.3/yasson-3.0.3.jar:/Users/mpredli01/.m2/repository/io/helidon/logging/helidon-logging-jul/4.1.0/helidon-logging-jul-4.1.0.jar:/Users/mpredli01/.m2/repository/io/helidon/common/helidon-common-context/4.1.0/helidon-common-context-4.1.0.jar:/Users/mpredli01/.m2/repository/io/helidon/logging/helidon-logging-common/4.1.0/helidon-logging-common-4.1.0.jar:/Users/mpredli01/.m2/repository/io/helidon/common/helidon-common/4.1.0/helidon-common-4.1.0.jar:/Users/mpredli01/.m2/repository/io/smallrye/jandex/3.1.2/jandex-3.1.2.jar:/Users/mpredli01/.m2/repository/org/eclipse/microprofile/metrics/microprofile-metrics-api/5.1.1/microprofile-metrics-api-5.1.1.jar:/Users/mpredli01/.m2/repository/io/helidon/microprofile/metrics/helidon-microprofile-metrics/4.1.0/helidon-microprofile-metrics-4.1.0.jar:/Users/mpredli01/.m2/repository/io/helidon/microprofile/service-common/helidon-microprofile-service-common/4.1.0/helidon-microprofile-service-common-4.1.0.jar:/Users/mpredli01/.m2/repository/io/helidon/webserver/helidon-webserver-service-common/4.1.0/helidon-webserver-service-common-4.1.0.jar:/Users/mpredli01/.m2/repository/org/eclipse/microprofile/config/microprofile-config-api/3.1/microprofile-config-api-3.1.jar:/Users/mpredli01/.m2/repository/io/helidon/webserver/observe/helidon-webserver-observe-metrics/4.1.0/helidon-webserver-observe-metrics-4.1.0.jar:/Users/mpredli01/.m2/repository/io/helidon/metrics/providers/helidon-metrics-providers-micrometer/4.1.0/helidon-metrics-providers-micrometer-4.1.0.jar:/Users/mpredli01/.m2/repository/io/micrometer/micrometer-core/1.11.3/micrometer-core-1.11.3.jar:/Users/mpredli01/.m2/repository/io/micrometer/micrometer-commons/1.11.3/micrometer-commons-1.11.3.jar:/Users/mpredli01/.m2/repository/io/micrometer/micrometer-observation/1.11.3/micrometer-observation-1.11.3.jar:/Users/mpredli01/.m2/repository/org/hdrhistogram/HdrHistogram/2.1.12/HdrHistogram-2.1.12.jar:/Users/mpredli01/.m2/repository/org/latencyutils/LatencyUtils/2.0.3/LatencyUtils-2.0.3.jar:/Users/mpredli01/.m2/repository/io/micrometer/micrometer-registry-prometheus/1.11.3/micrometer-registry-prometheus-1.11.3.jar:/Users/mpredli01/.m2/repository/io/prometheus/simpleclient_common/0.16.0/simpleclient_common-0.16.0.jar:/Users/mpredli01/.m2/repository/io/prometheus/simpleclient/0.16.0/simpleclient-0.16.0.jar:/Users/mpredli01/.m2/repository/io/prometheus/simpleclient_tracer_otel/0.16.0/simpleclient_tracer_otel-0.16.0.jar:/Users/mpredli01/.m2/repository/io/prometheus/simpleclient_tracer_otel_agent/0.16.0/simpleclient_tracer_otel_agent-0.16.0.jar:/Users/mpredli01/.m2/repository/io/prometheus/simpleclient_tracer_common/0.16.0/simpleclient_tracer_common-0.16.0.jar:/Users/mpredli01/.m2/repository/io/helidon/metrics/helidon-metrics-api/4.1.0/helidon-metrics-api-4.1.0.jar:/Users/mpredli01/.m2/repository/io/helidon/http/helidon-http/4.1.0/helidon-http-4.1.0.jar:/Users/mpredli01/.m2/repository/io/helidon/common/helidon-common-buffers/4.1.0/helidon-common-buffers-4.1.0.jar:/Users/mpredli01/.m2/repository/io/helidon/common/helidon-common-mapper/4.1.0/helidon-common-mapper-4.1.0.jar:/Users/mpredli01/.m2/repository/io/helidon/common/helidon-common-uri/4.1.0/helidon-common-uri-4.1.0.jar:/Users/mpredli01/.m2/repository/io/helidon/common/helidon-common-parameters/4.1.0/helidon-common-parameters-4.1.0.jar:/Users/mpredli01/.m2/repository/io/helidon/common/helidon-common-config/4.1.0/helidon-common-config-4.1.0.jar:/Users/mpredli01/.m2/repository/io/helidon/builder/helidon-builder-api/4.1.0/helidon-builder-api-4.1.0.jar:/Users/mpredli01/.m2/repository/io/helidon/metrics/helidon-metrics-system-meters/4.1.0/helidon-metrics-system-meters-4.1.0.jar:/Users/mpredli01/.m2/repository/org/junit/jupiter/junit-jupiter-api/5.9.3/junit-jupiter-api-5.9.3.jar:/Users/mpredli01/.m2/repository/org/opentest4j/opentest4j/1.2.0/opentest4j-1.2.0.jar:/Users/mpredli01/.m2/repository/org/junit/platform/junit-platform-commons/1.9.3/junit-platform-commons-1.9.3.jar:/Users/mpredli01/.m2/repository/org/apiguardian/apiguardian-api/1.1.2/apiguardian-api-1.1.2.jar:/Users/mpredli01/.m2/repository/io/helidon/microprofile/testing/helidon-microprofile-testing-junit5/4.1.0/helidon-microprofile-testing-junit5-4.1.0.jar:/Users/mpredli01/.m2/repository/io/helidon/jersey/helidon-jersey-client/4.1.0/helidon-jersey-client-4.1.0.jar:/Users/mpredli01/.m2/repository/org/glassfish/jersey/core/jersey-client/3.1.7/jersey-client-3.1.7.jar:/Users/mpredli01/.m2/repository/org/glassfish/jersey/inject/jersey-hk2/3.1.7/jersey-hk2-3.1.7.jar:/Users/mpredli01/.m2/repository/org/glassfish/hk2/hk2-locator/3.0.6/hk2-locator-3.0.6.jar:/Users/mpredli01/.m2/repository/org/glassfish/hk2/external/aopalliance-repackaged/3.0.6/aopalliance-repackaged-3.0.6.jar:/Users/mpredli01/.m2/repository/org/glassfish/hk2/hk2-api/3.0.6/hk2-api-3.0.6.jar:/Users/mpredli01/.m2/repository/org/glassfish/hk2/hk2-utils/3.0.6/hk2-utils-3.0.6.jar:/Users/mpredli01/.m2/repository/org/javassist/javassist/3.30.2-GA/javassist-3.30.2-GA.jar:/Users/mpredli01/.m2/repository/io/helidon/config/helidon-config-yaml-mp/4.1.0/helidon-config-yaml-mp-4.1.0.jar:/Users/mpredli01/.m2/repository/org/hamcrest/hamcrest-all/1.3/hamcrest-all-1.3.jar:"/>
    <property name="java.vm.vendor" value="Oracle Corporation"/>
    <property name="sun.arch.data.model" value="64"/>
    <property name="java.vendor.url" value="https://java.oracle.com/"/>
    <property name="user.timezone" value="America/New_York"/>
    <property name="os.name" value="Mac OS X"/>
    <property name="java.vm.specification.version" value="21"/>
    <property name="sun.java.launcher" value="SUN_STANDARD"/>
    <property name="user.country" value="US"/>
    <property name="sun.boot.library.path" value="/Library/Java/JavaVirtualMachines/jdk-21.jdk/Contents/Home/lib"/>
    <property name="sun.java.command" value="/usr/local/publications/helidon-book/metrics/target/surefire/surefirebooter-20240817055513875_3.jar /usr/local/publications/helidon-book/metrics/target/surefire 2024-08-17T05-55-13_724-jvmRun1 surefire-20240817055513875_1tmp surefire_0-20240817055513875_2tmp"/>
    <property name="http.nonProxyHosts" value="local|*.local|169.254/16|*.169.254/16"/>
    <property name="jdk.debug" value="release"/>
    <property name="surefire.test.class.path" value="/usr/local/publications/helidon-book/metrics/target/test-classes:/usr/local/publications/helidon-book/metrics/target/classes:/Users/mpredli01/.m2/repository/io/helidon/microprofile/bundles/helidon-microprofile-core/4.1.0/helidon-microprofile-core-4.1.0.jar:/Users/mpredli01/.m2/repository/io/helidon/microprofile/server/helidon-microprofile-server/4.1.0/helidon-microprofile-server-4.1.0.jar:/Users/mpredli01/.m2/repository/io/helidon/webserver/observe/helidon-webserver-observe/4.1.0/helidon-webserver-observe-4.1.0.jar:/Users/mpredli01/.m2/repository/io/helidon/webserver/helidon-webserver-cors/4.1.0/helidon-webserver-cors-4.1.0.jar:/Users/mpredli01/.m2/repository/io/helidon/cors/helidon-cors/4.1.0/helidon-cors-4.1.0.jar:/Users/mpredli01/.m2/repository/io/helidon/microprofile/cdi/helidon-microprofile-cdi/4.1.0/helidon-microprofile-cdi-4.1.0.jar:/Users/mpredli01/.m2/repository/io/helidon/helidon/4.1.0/helidon-4.1.0.jar:/Users/mpredli01/.m2/repository/io/helidon/microprofile/weld/weld-se-core/4.1.0/weld-se-core-4.1.0.jar:/Users/mpredli01/.m2/repository/io/helidon/microprofile/weld/weld-core-impl/4.1.0/weld-core-impl-4.1.0.jar:/Users/mpredli01/.m2/repository/org/jboss/weld/environment/weld-environment-common/5.1.1.SP2/weld-environment-common-5.1.1.SP2.jar:/Users/mpredli01/.m2/repository/org/jboss/weld/weld-api/5.0.SP3/weld-api-5.0.SP3.jar:/Users/mpredli01/.m2/repository/org/jboss/weld/weld-spi/5.0.SP3/weld-spi-5.0.SP3.jar:/Users/mpredli01/.m2/repository/org/jboss/logging/jboss-logging/3.5.3.Final/jboss-logging-3.5.3.Final.jar:/Users/mpredli01/.m2/repository/org/jboss/classfilewriter/jboss-classfilewriter/1.3.0.Final/jboss-classfilewriter-1.3.0.Final.jar:/Users/mpredli01/.m2/repository/org/jboss/weld/weld-lite-extension-translator/5.1.1.SP2/weld-lite-extension-translator-5.1.1.SP2.jar:/Users/mpredli01/.m2/repository/org/jboss/logging/jboss-logging-processor/2.2.1.Final/jboss-logging-processor-2.2.1.Final.jar:/Users/mpredli01/.m2/repository/org/jboss/logging/jboss-logging-annotations/2.2.1.Final/jboss-logging-annotations-2.2.1.Final.jar:/Users/mpredli01/.m2/repository/org/jboss/jdeparser/jdeparser/2.0.3.Final/jdeparser-2.0.3.Final.jar:/Users/mpredli01/.m2/repository/io/helidon/common/features/helidon-common-features/4.1.0/helidon-common-features-4.1.0.jar:/Users/mpredli01/.m2/repository/io/helidon/common/features/helidon-common-features-api/4.1.0/helidon-common-features-api-4.1.0.jar:/Users/mpredli01/.m2/repository/io/helidon/common/helidon-common-configurable/4.1.0/helidon-common-configurable-4.1.0.jar:/Users/mpredli01/.m2/repository/io/helidon/webserver/helidon-webserver/4.1.0/helidon-webserver-4.1.0.jar:/Users/mpredli01/.m2/repository/io/helidon/common/helidon-common-socket/4.1.0/helidon-common-socket-4.1.0.jar:/Users/mpredli01/.m2/repository/io/helidon/common/helidon-common-key-util/4.1.0/helidon-common-key-util-4.1.0.jar:/Users/mpredli01/.m2/repository/io/helidon/common/helidon-common-security/4.1.0/helidon-common-security-4.1.0.jar:/Users/mpredli01/.m2/repository/io/helidon/common/helidon-common-task/4.1.0/helidon-common-task-4.1.0.jar:/Users/mpredli01/.m2/repository/io/helidon/common/helidon-common-tls/4.1.0/helidon-common-tls-4.1.0.jar:/Users/mpredli01/.m2/repository/io/helidon/http/media/helidon-http-media/4.1.0/helidon-http-media-4.1.0.jar:/Users/mpredli01/.m2/repository/io/helidon/http/encoding/helidon-http-encoding/4.1.0/helidon-http-encoding-4.1.0.jar:/Users/mpredli01/.m2/repository/io/helidon/webserver/helidon-webserver-static-content/4.1.0/helidon-webserver-static-content-4.1.0.jar:/Users/mpredli01/.m2/repository/jakarta/interceptor/jakarta.interceptor-api/2.1.0/jakarta.interceptor-api-2.1.0.jar:/Users/mpredli01/.m2/repository/jakarta/enterprise/jakarta.enterprise.cdi-api/4.0.1/jakarta.enterprise.cdi-api-4.0.1.jar:/Users/mpredli01/.m2/repository/jakarta/enterprise/jakarta.enterprise.lang-model/4.0.1/jakarta.enterprise.lang-model-4.0.1.jar:/Users/mpredli01/.m2/repository/jakarta/el/jakarta.el-api/5.0.1/jakarta.el-api-5.0.1.jar:/Users/mpredli01/.m2/repository/io/helidon/http/media/helidon-http-media-jsonp/4.1.0/helidon-http-media-jsonp-4.1.0.jar:/Users/mpredli01/.m2/repository/io/helidon/webserver/helidon-webserver-context/4.1.0/helidon-webserver-context-4.1.0.jar:/Users/mpredli01/.m2/repository/io/helidon/config/helidon-config/4.1.0/helidon-config-4.1.0.jar:/Users/mpredli01/.m2/repository/io/helidon/common/helidon-common-media-type/4.1.0/helidon-common-media-type-4.1.0.jar:/Users/mpredli01/.m2/repository/io/helidon/jersey/helidon-jersey-server/4.1.0/helidon-jersey-server-4.1.0.jar:/Users/mpredli01/.m2/repository/org/glassfish/jersey/core/jersey-server/3.1.7/jersey-server-3.1.7.jar:/Users/mpredli01/.m2/repository/jakarta/validation/jakarta.validation-api/3.0.2/jakarta.validation-api-3.0.2.jar:/Users/mpredli01/.m2/repository/io/helidon/config/helidon-config-yaml/4.1.0/helidon-config-yaml-4.1.0.jar:/Users/mpredli01/.m2/repository/org/yaml/snakeyaml/2.2/snakeyaml-2.2.jar:/Users/mpredli01/.m2/repository/org/glassfish/jersey/ext/cdi/jersey-weld2-se/3.1.7/jersey-weld2-se-3.1.7.jar:/Users/mpredli01/.m2/repository/org/glassfish/jersey/ext/cdi/jersey-cdi1x/3.1.7/jersey-cdi1x-3.1.7.jar:/Users/mpredli01/.m2/repository/io/helidon/jersey/helidon-jersey-media-jsonp/4.1.0/helidon-jersey-media-jsonp-4.1.0.jar:/Users/mpredli01/.m2/repository/org/glassfish/jersey/media/jersey-media-json-processing/3.1.7/jersey-media-json-processing-3.1.7.jar:/Users/mpredli01/.m2/repository/org/eclipse/parsson/parsson-media/1.1.6/parsson-media-1.1.6.jar:/Users/mpredli01/.m2/repository/io/helidon/microprofile/config/helidon-microprofile-config/4.1.0/helidon-microprofile-config-4.1.0.jar:/Users/mpredli01/.m2/repository/io/helidon/config/helidon-config-mp/4.1.0/helidon-config-mp-4.1.0.jar:/Users/mpredli01/.m2/repository/io/helidon/config/helidon-config-encryption/4.1.0/helidon-config-encryption-4.1.0.jar:/Users/mpredli01/.m2/repository/io/helidon/common/helidon-common-crypto/4.1.0/helidon-common-crypto-4.1.0.jar:/Users/mpredli01/.m2/repository/io/helidon/config/helidon-config-object-mapping/4.1.0/helidon-config-object-mapping-4.1.0.jar:/Users/mpredli01/.m2/repository/jakarta/json/bind/jakarta.json.bind-api/3.0.1/jakarta.json.bind-api-3.0.1.jar:/Users/mpredli01/.m2/repository/org/glassfish/jersey/media/jersey-media-json-binding/3.1.7/jersey-media-json-binding-3.1.7.jar:/Users/mpredli01/.m2/repository/org/glassfish/jersey/core/jersey-common/3.1.7/jersey-common-3.1.7.jar:/Users/mpredli01/.m2/repository/jakarta/ws/rs/jakarta.ws.rs-api/3.1.0/jakarta.ws.rs-api-3.1.0.jar:/Users/mpredli01/.m2/repository/jakarta/annotation/jakarta.annotation-api/2.1.1/jakarta.annotation-api-2.1.1.jar:/Users/mpredli01/.m2/repository/jakarta/inject/jakarta.inject-api/2.0.1/jakarta.inject-api-2.0.1.jar:/Users/mpredli01/.m2/repository/org/glassfish/hk2/osgi-resource-locator/1.0.3/osgi-resource-locator-1.0.3.jar:/Users/mpredli01/.m2/repository/jakarta/json/jakarta.json-api/2.1.3/jakarta.json-api-2.1.3.jar:/Users/mpredli01/.m2/repository/org/eclipse/parsson/parsson/1.1.6/parsson-1.1.6.jar:/Users/mpredli01/.m2/repository/org/eclipse/yasson/3.0.3/yasson-3.0.3.jar:/Users/mpredli01/.m2/repository/io/helidon/logging/helidon-logging-jul/4.1.0/helidon-logging-jul-4.1.0.jar:/Users/mpredli01/.m2/repository/io/helidon/common/helidon-common-context/4.1.0/helidon-common-context-4.1.0.jar:/Users/mpredli01/.m2/repository/io/helidon/logging/helidon-logging-common/4.1.0/helidon-logging-common-4.1.0.jar:/Users/mpredli01/.m2/repository/io/helidon/common/helidon-common/4.1.0/helidon-common-4.1.0.jar:/Users/mpredli01/.m2/repository/io/smallrye/jandex/3.1.2/jandex-3.1.2.jar:/Users/mpredli01/.m2/repository/org/eclipse/microprofile/metrics/microprofile-metrics-api/5.1.1/microprofile-metrics-api-5.1.1.jar:/Users/mpredli01/.m2/repository/io/helidon/microprofile/metrics/helidon-microprofile-metrics/4.1.0/helidon-microprofile-metrics-4.1.0.jar:/Users/mpredli01/.m2/repository/io/helidon/microprofile/service-common/helidon-microprofile-service-common/4.1.0/helidon-microprofile-service-common-4.1.0.jar:/Users/mpredli01/.m2/repository/io/helidon/webserver/helidon-webserver-service-common/4.1.0/helidon-webserver-service-common-4.1.0.jar:/Users/mpredli01/.m2/repository/org/eclipse/microprofile/config/microprofile-config-api/3.1/microprofile-config-api-3.1.jar:/Users/mpredli01/.m2/repository/io/helidon/webserver/observe/helidon-webserver-observe-metrics/4.1.0/helidon-webserver-observe-metrics-4.1.0.jar:/Users/mpredli01/.m2/repository/io/helidon/metrics/providers/helidon-metrics-providers-micrometer/4.1.0/helidon-metrics-providers-micrometer-4.1.0.jar:/Users/mpredli01/.m2/repository/io/micrometer/micrometer-core/1.11.3/micrometer-core-1.11.3.jar:/Users/mpredli01/.m2/repository/io/micrometer/micrometer-commons/1.11.3/micrometer-commons-1.11.3.jar:/Users/mpredli01/.m2/repository/io/micrometer/micrometer-observation/1.11.3/micrometer-observation-1.11.3.jar:/Users/mpredli01/.m2/repository/org/hdrhistogram/HdrHistogram/2.1.12/HdrHistogram-2.1.12.jar:/Users/mpredli01/.m2/repository/org/latencyutils/LatencyUtils/2.0.3/LatencyUtils-2.0.3.jar:/Users/mpredli01/.m2/repository/io/micrometer/micrometer-registry-prometheus/1.11.3/micrometer-registry-prometheus-1.11.3.jar:/Users/mpredli01/.m2/repository/io/prometheus/simpleclient_common/0.16.0/simpleclient_common-0.16.0.jar:/Users/mpredli01/.m2/repository/io/prometheus/simpleclient/0.16.0/simpleclient-0.16.0.jar:/Users/mpredli01/.m2/repository/io/prometheus/simpleclient_tracer_otel/0.16.0/simpleclient_tracer_otel-0.16.0.jar:/Users/mpredli01/.m2/repository/io/prometheus/simpleclient_tracer_otel_agent/0.16.0/simpleclient_tracer_otel_agent-0.16.0.jar:/Users/mpredli01/.m2/repository/io/prometheus/simpleclient_tracer_common/0.16.0/simpleclient_tracer_common-0.16.0.jar:/Users/mpredli01/.m2/repository/io/helidon/metrics/helidon-metrics-api/4.1.0/helidon-metrics-api-4.1.0.jar:/Users/mpredli01/.m2/repository/io/helidon/http/helidon-http/4.1.0/helidon-http-4.1.0.jar:/Users/mpredli01/.m2/repository/io/helidon/common/helidon-common-buffers/4.1.0/helidon-common-buffers-4.1.0.jar:/Users/mpredli01/.m2/repository/io/helidon/common/helidon-common-mapper/4.1.0/helidon-common-mapper-4.1.0.jar:/Users/mpredli01/.m2/repository/io/helidon/common/helidon-common-uri/4.1.0/helidon-common-uri-4.1.0.jar:/Users/mpredli01/.m2/repository/io/helidon/common/helidon-common-parameters/4.1.0/helidon-common-parameters-4.1.0.jar:/Users/mpredli01/.m2/repository/io/helidon/common/helidon-common-config/4.1.0/helidon-common-config-4.1.0.jar:/Users/mpredli01/.m2/repository/io/helidon/builder/helidon-builder-api/4.1.0/helidon-builder-api-4.1.0.jar:/Users/mpredli01/.m2/repository/io/helidon/metrics/helidon-metrics-system-meters/4.1.0/helidon-metrics-system-meters-4.1.0.jar:/Users/mpredli01/.m2/repository/org/junit/jupiter/junit-jupiter-api/5.9.3/junit-jupiter-api-5.9.3.jar:/Users/mpredli01/.m2/repository/org/opentest4j/opentest4j/1.2.0/opentest4j-1.2.0.jar:/Users/mpredli01/.m2/repository/org/junit/platform/junit-platform-commons/1.9.3/junit-platform-commons-1.9.3.jar:/Users/mpredli01/.m2/repository/org/apiguardian/apiguardian-api/1.1.2/apiguardian-api-1.1.2.jar:/Users/mpredli01/.m2/repository/io/helidon/microprofile/testing/helidon-microprofile-testing-junit5/4.1.0/helidon-microprofile-testing-junit5-4.1.0.jar:/Users/mpredli01/.m2/repository/io/helidon/jersey/helidon-jersey-client/4.1.0/helidon-jersey-client-4.1.0.jar:/Users/mpredli01/.m2/repository/org/glassfish/jersey/core/jersey-client/3.1.7/jersey-client-3.1.7.jar:/Users/mpredli01/.m2/repository/org/glassfish/jersey/inject/jersey-hk2/3.1.7/jersey-hk2-3.1.7.jar:/Users/mpredli01/.m2/repository/org/glassfish/hk2/hk2-locator/3.0.6/hk2-locator-3.0.6.jar:/Users/mpredli01/.m2/repository/org/glassfish/hk2/external/aopalliance-repackaged/3.0.6/aopalliance-repackaged-3.0.6.jar:/Users/mpredli01/.m2/repository/org/glassfish/hk2/hk2-api/3.0.6/hk2-api-3.0.6.jar:/Users/mpredli01/.m2/repository/org/glassfish/hk2/hk2-utils/3.0.6/hk2-utils-3.0.6.jar:/Users/mpredli01/.m2/repository/org/javassist/javassist/3.30.2-GA/javassist-3.30.2-GA.jar:/Users/mpredli01/.m2/repository/io/helidon/config/helidon-config-yaml-mp/4.1.0/helidon-config-yaml-mp-4.1.0.jar:/Users/mpredli01/.m2/repository/org/hamcrest/hamcrest-all/1.3/hamcrest-all-1.3.jar:"/>
    <property name="sun.cpu.endian" value="little"/>
    <property name="user.home" value="/Users/mpredli01"/>
    <property name="user.language" value="en"/>
    <property name="java.specification.vendor" value="Oracle Corporation"/>
    <property name="java.version.date" value="2023-09-19"/>
    <property name="java.home" value="/Library/Java/JavaVirtualMachines/jdk-21.jdk/Contents/Home"/>
    <property name="file.separator" value="/"/>
    <property name="basedir" value="/usr/local/publications/helidon-book/metrics"/>
    <property name="java.vm.compressedOopsMode" value="Zero based"/>
    <property name="line.separator" value="&#10;"/>
    <property name="java.vm.specification.vendor" value="Oracle Corporation"/>
    <property name="java.specification.name" value="Java Platform API Specification"/>
    <property name="apple.awt.application.name" value="ForkedBooter"/>
    <property name="surefire.real.class.path" value="/usr/local/publications/helidon-book/metrics/target/surefire/surefirebooter-20240817055513875_3.jar"/>
    <property name="java.util.logging.config.file" value="/usr/local/publications/helidon-book/metrics/target/classes/logging.properties"/>
    <property name="sun.management.compiler" value="HotSpot 64-Bit Tiered Compilers"/>
    <property name="ftp.nonProxyHosts" value="local|*.local|169.254/16|*.169.254/16"/>
    <property name="java.runtime.version" value="21+35-2513"/>
    <property name="user.name" value="mpredli01"/>
    <property name="stdout.encoding" value="UTF-8"/>
    <property name="path.separator" value=":"/>
    <property name="os.version" value="10.15.7"/>
    <property name="java.runtime.name" value="OpenJDK Runtime Environment"/>
    <property name="file.encoding" value="UTF-8"/>
    <property name="java.vm.name" value="OpenJDK 64-Bit Server VM"/>
    <property name="localRepository" value="/Users/mpredli01/.m2/repository"/>
    <property name="jersey.config.client.ignoreExceptionResponse" value="true"/>
    <property name="java.vendor.url.bug" value="https://bugreport.java.com/bugreport/"/>
    <property name="java.io.tmpdir" value="/var/folders/tt/7lxy2q7d55jbvvv1pnjj05cm0000gn/T/"/>
    <property name="java.version" value="21"/>
    <property name="user.dir" value="/usr/local/publications/helidon-book/metrics"/>
    <property name="os.arch" value="x86_64"/>
    <property name="java.vm.specification.name" value="Java Virtual Machine Specification"/>
    <property name="native.encoding" value="UTF-8"/>
    <property name="java.library.path" value="/Users/mpredli01/Library/Java/Extensions:/Library/Java/Extensions:/Network/Library/Java/Extensions:/System/Library/Java/Extensions:/usr/lib/java:."/>
    <property name="java.vm.info" value="mixed mode, sharing"/>
    <property name="stderr.encoding" value="UTF-8"/>
    <property name="java.vendor" value="Oracle Corporation"/>
    <property name="java.vm.version" value="21+35-2513"/>
    <property name="sun.io.unicode.encoding" value="UnicodeBig"/>
    <property name="socksNonProxyHosts" value="local|*.local|169.254/16|*.169.254/16"/>
    <property name="java.class.version" value="65.0"/>
  </properties>
  <testcase name="testGreet" classname="org.redlich.metrics.MainTest" time="0.422">
    <system-out><![CDATA[2024.08.17 05:55:16 INFO io.helidon.logging.jul.JulProvider Thread[#1,main,5,main]: Logging at runtime configured using /usr/local/publications/helidon-book/metrics/target/classes/logging.properties
2024.08.17 05:55:16 INFO io.helidon.microprofile.server.ServerCdiExtension Thread[#1,main,5,main]: Registering JAX-RS Application: HelidonMP
2024.08.17 05:55:17 WARNING org.glassfish.jersey.message.internal.MessagingBinders Thread[#1,main,5,main]: A class jakarta.activation.DataSource for a default provider MessageBodyWriter<jakarta.activation.DataSource> was not found. The provider is not available.
2024.08.17 05:55:17 WARNING org.glassfish.jersey.server.wadl.WadlFeature Thread[#1,main,5,main]: JAX-B API not found . WADL feature is disabled.
2024.08.17 05:55:17 INFO io.helidon.webserver.ServerListener VirtualThread[#49,start @default (/0.0.0.0:0)]/runnable@ForkJoinPool-1-worker-1: [0x0cebd0b7] http://0.0.0.0:49830 bound for socket '@default'
2024.08.17 05:55:17 INFO io.helidon.webserver.LoomServer Thread[#1,main,5,main]: Started all channels in 37 milliseconds. 3589 milliseconds since JVM startup. Java 21+35-2513
2024.08.17 05:55:17 INFO io.helidon.microprofile.server.ServerCdiExtension Thread[#1,main,5,main]: Server started on http://localhost:49830 (and all other host addresses) in 3595 milliseconds (since JVM startup).
2024.08.17 05:55:17 INFO io.helidon.common.features.HelidonFeatures Thread[#53,features-thread,5,main]: Helidon MP 4.1.0 features: [CDI, Config, Metrics, Server]
]]></system-out>
  </testcase>
  <testcase name="testMicroprofileMetrics" classname="org.redlich.metrics.MainTest" time="0.031"/>
</testsuite>