<?xml version="1.0" encoding="UTF-8"?>
<testsuite xmlns:xsi="http://www.w3.org/2001/XMLSchema-instance" xsi:noNamespaceSchemaLocation="https://maven.apache.org/surefire/maven-surefire-plugin/xsd/surefire-test-report.xsd" name="org.redlich.AppTest" time="0.047" tests="1" errors="0" skipped="0" failures="0">
  <properties>
    <property name="java.specification.version" value="17"/>
    <property name="sun.jnu.encoding" value="UTF-8"/>
    <property name="java.class.path" value="/usr/local/publications/helidon-book/parent-project/config/target/test-classes:/usr/local/publications/helidon-book/parent-project/config/target/classes:/Users/mpredli01/.m2/repository/io/helidon/webserver/helidon-webserver/3.1.0/helidon-webserver-3.1.0.jar:/Users/mpredli01/.m2/repository/io/helidon/common/helidon-common-reactive/3.1.0/helidon-common-reactive-3.1.0.jar:/Users/mpredli01/.m2/repository/io/helidon/common/helidon-common-mapper/3.1.0/helidon-common-mapper-3.1.0.jar:/Users/mpredli01/.m2/repository/io/helidon/common/helidon-common/3.1.0/helidon-common-3.1.0.jar:/Users/mpredli01/.m2/repository/io/helidon/common/helidon-common-http/3.1.0/helidon-common-http-3.1.0.jar:/Users/mpredli01/.m2/repository/io/helidon/media/helidon-media-common/3.1.0/helidon-media-common-3.1.0.jar:/Users/mpredli01/.m2/repository/io/helidon/config/helidon-config/3.1.0/helidon-config-3.1.0.jar:/Users/mpredli01/.m2/repository/io/helidon/common/helidon-common-media-type/3.1.0/helidon-common-media-type-3.1.0.jar:/Users/mpredli01/.m2/repository/io/helidon/common/helidon-common-key-util/3.1.0/helidon-common-key-util-3.1.0.jar:/Users/mpredli01/.m2/repository/io/helidon/logging/helidon-logging-common/3.1.0/helidon-logging-common-3.1.0.jar:/Users/mpredli01/.m2/repository/io/helidon/tracing/helidon-tracing/3.1.0/helidon-tracing-3.1.0.jar:/Users/mpredli01/.m2/repository/io/helidon/tracing/helidon-tracing-config/3.1.0/helidon-tracing-config-3.1.0.jar:/Users/mpredli01/.m2/repository/io/netty/netty-codec-http/4.1.86.Final/netty-codec-http-4.1.86.Final.jar:/Users/mpredli01/.m2/repository/io/netty/netty-common/4.1.86.Final/netty-common-4.1.86.Final.jar:/Users/mpredli01/.m2/repository/io/netty/netty-transport/4.1.86.Final/netty-transport-4.1.86.Final.jar:/Users/mpredli01/.m2/repository/io/netty/netty-codec/4.1.86.Final/netty-codec-4.1.86.Final.jar:/Users/mpredli01/.m2/repository/io/netty/netty-handler/4.1.86.Final/netty-handler-4.1.86.Final.jar:/Users/mpredli01/.m2/repository/io/netty/netty-resolver/4.1.86.Final/netty-resolver-4.1.86.Final.jar:/Users/mpredli01/.m2/repository/io/netty/netty-transport-native-unix-common/4.1.86.Final/netty-transport-native-unix-common-4.1.86.Final.jar:/Users/mpredli01/.m2/repository/io/helidon/webclient/helidon-webclient/3.1.0/helidon-webclient-3.1.0.jar:/Users/mpredli01/.m2/repository/io/helidon/common/helidon-common-context/3.1.0/helidon-common-context-3.1.0.jar:/Users/mpredli01/.m2/repository/io/netty/netty-buffer/4.1.86.Final/netty-buffer-4.1.86.Final.jar:/Users/mpredli01/.m2/repository/io/netty/netty-handler-proxy/4.1.86.Final/netty-handler-proxy-4.1.86.Final.jar:/Users/mpredli01/.m2/repository/io/netty/netty-codec-socks/4.1.86.Final/netty-codec-socks-4.1.86.Final.jar:/Users/mpredli01/.m2/repository/io/netty/netty-resolver-dns/4.1.86.Final/netty-resolver-dns-4.1.86.Final.jar:/Users/mpredli01/.m2/repository/io/netty/netty-codec-dns/4.1.86.Final/netty-codec-dns-4.1.86.Final.jar:/Users/mpredli01/.m2/repository/io/helidon/config/helidon-config-yaml/3.1.0/helidon-config-yaml-3.1.0.jar:/Users/mpredli01/.m2/repository/org/yaml/snakeyaml/1.32/snakeyaml-1.32.jar:/Users/mpredli01/.m2/repository/jakarta/annotation/jakarta.annotation-api/2.0.0/jakarta.annotation-api-2.0.0.jar:/Users/mpredli01/.m2/repository/io/helidon/metrics/helidon-metrics/3.1.0/helidon-metrics-3.1.0.jar:/Users/mpredli01/.m2/repository/io/helidon/common/helidon-common-service-loader/3.1.0/helidon-common-service-loader-3.1.0.jar:/Users/mpredli01/.m2/repository/io/helidon/common/helidon-common-configurable/3.1.0/helidon-common-configurable-3.1.0.jar:/Users/mpredli01/.m2/repository/io/helidon/metrics/helidon-metrics-api/3.1.0/helidon-metrics-api-3.1.0.jar:/Users/mpredli01/.m2/repository/io/helidon/metrics/helidon-metrics-service-api/3.1.0/helidon-metrics-service-api-3.1.0.jar:/Users/mpredli01/.m2/repository/org/eclipse/microprofile/metrics/microprofile-metrics-api/4.0/microprofile-metrics-api-4.0.jar:/Users/mpredli01/.m2/repository/io/helidon/webserver/helidon-webserver-cors/3.1.0/helidon-webserver-cors-3.1.0.jar:/Users/mpredli01/.m2/repository/io/helidon/service-common/helidon-service-common-rest/3.1.0/helidon-service-common-rest-3.1.0.jar:/Users/mpredli01/.m2/repository/io/helidon/media/helidon-media-jsonp/3.1.0/helidon-media-jsonp-3.1.0.jar:/Users/mpredli01/.m2/repository/jakarta/json/jakarta.json-api/2.0.1/jakarta.json-api-2.0.1.jar:/Users/mpredli01/.m2/repository/org/eclipse/parsson/parsson/1.0.2/parsson-1.0.2.jar:/Users/mpredli01/.m2/repository/junit/junit/4.11/junit-4.11.jar:/Users/mpredli01/.m2/repository/org/hamcrest/hamcrest-core/1.3/hamcrest-core-1.3.jar:"/>
    <property name="java.vm.vendor" value="Oracle Corporation"/>
    <property name="sun.arch.data.model" value="64"/>
    <property name="java.vendor.url" value="https://java.oracle.com/"/>
    <property name="os.name" value="Mac OS X"/>
    <property name="java.vm.specification.version" value="17"/>
    <property name="sun.java.launcher" value="SUN_STANDARD"/>
    <property name="user.country" value="US"/>
    <property name="sun.boot.library.path" value="/Library/Java/JavaVirtualMachines/jdk-17.0.2.jdk/Contents/Home/lib"/>
    <property name="sun.java.command" value="/usr/local/publications/helidon-book/parent-project/config/target/surefire/surefirebooter11960522758127432224.jar /usr/local/publications/helidon-book/parent-project/config/target/surefire 2023-01-30T12-14-43_256-jvmRun1 surefire7897948381913970723tmp surefire_213184392004871589517tmp"/>
    <property name="http.nonProxyHosts" value="local|*.local|169.254/16|*.169.254/16"/>
    <property name="jdk.debug" value="release"/>
    <property name="surefire.test.class.path" value="/usr/local/publications/helidon-book/parent-project/config/target/test-classes:/usr/local/publications/helidon-book/parent-project/config/target/classes:/Users/mpredli01/.m2/repository/io/helidon/webserver/helidon-webserver/3.1.0/helidon-webserver-3.1.0.jar:/Users/mpredli01/.m2/repository/io/helidon/common/helidon-common-reactive/3.1.0/helidon-common-reactive-3.1.0.jar:/Users/mpredli01/.m2/repository/io/helidon/common/helidon-common-mapper/3.1.0/helidon-common-mapper-3.1.0.jar:/Users/mpredli01/.m2/repository/io/helidon/common/helidon-common/3.1.0/helidon-common-3.1.0.jar:/Users/mpredli01/.m2/repository/io/helidon/common/helidon-common-http/3.1.0/helidon-common-http-3.1.0.jar:/Users/mpredli01/.m2/repository/io/helidon/media/helidon-media-common/3.1.0/helidon-media-common-3.1.0.jar:/Users/mpredli01/.m2/repository/io/helidon/config/helidon-config/3.1.0/helidon-config-3.1.0.jar:/Users/mpredli01/.m2/repository/io/helidon/common/helidon-common-media-type/3.1.0/helidon-common-media-type-3.1.0.jar:/Users/mpredli01/.m2/repository/io/helidon/common/helidon-common-key-util/3.1.0/helidon-common-key-util-3.1.0.jar:/Users/mpredli01/.m2/repository/io/helidon/logging/helidon-logging-common/3.1.0/helidon-logging-common-3.1.0.jar:/Users/mpredli01/.m2/repository/io/helidon/tracing/helidon-tracing/3.1.0/helidon-tracing-3.1.0.jar:/Users/mpredli01/.m2/repository/io/helidon/tracing/helidon-tracing-config/3.1.0/helidon-tracing-config-3.1.0.jar:/Users/mpredli01/.m2/repository/io/netty/netty-codec-http/4.1.86.Final/netty-codec-http-4.1.86.Final.jar:/Users/mpredli01/.m2/repository/io/netty/netty-common/4.1.86.Final/netty-common-4.1.86.Final.jar:/Users/mpredli01/.m2/repository/io/netty/netty-transport/4.1.86.Final/netty-transport-4.1.86.Final.jar:/Users/mpredli01/.m2/repository/io/netty/netty-codec/4.1.86.Final/netty-codec-4.1.86.Final.jar:/Users/mpredli01/.m2/repository/io/netty/netty-handler/4.1.86.Final/netty-handler-4.1.86.Final.jar:/Users/mpredli01/.m2/repository/io/netty/netty-resolver/4.1.86.Final/netty-resolver-4.1.86.Final.jar:/Users/mpredli01/.m2/repository/io/netty/netty-transport-native-unix-common/4.1.86.Final/netty-transport-native-unix-common-4.1.86.Final.jar:/Users/mpredli01/.m2/repository/io/helidon/webclient/helidon-webclient/3.1.0/helidon-webclient-3.1.0.jar:/Users/mpredli01/.m2/repository/io/helidon/common/helidon-common-context/3.1.0/helidon-common-context-3.1.0.jar:/Users/mpredli01/.m2/repository/io/netty/netty-buffer/4.1.86.Final/netty-buffer-4.1.86.Final.jar:/Users/mpredli01/.m2/repository/io/netty/netty-handler-proxy/4.1.86.Final/netty-handler-proxy-4.1.86.Final.jar:/Users/mpredli01/.m2/repository/io/netty/netty-codec-socks/4.1.86.Final/netty-codec-socks-4.1.86.Final.jar:/Users/mpredli01/.m2/repository/io/netty/netty-resolver-dns/4.1.86.Final/netty-resolver-dns-4.1.86.Final.jar:/Users/mpredli01/.m2/repository/io/netty/netty-codec-dns/4.1.86.Final/netty-codec-dns-4.1.86.Final.jar:/Users/mpredli01/.m2/repository/io/helidon/config/helidon-config-yaml/3.1.0/helidon-config-yaml-3.1.0.jar:/Users/mpredli01/.m2/repository/org/yaml/snakeyaml/1.32/snakeyaml-1.32.jar:/Users/mpredli01/.m2/repository/jakarta/annotation/jakarta.annotation-api/2.0.0/jakarta.annotation-api-2.0.0.jar:/Users/mpredli01/.m2/repository/io/helidon/metrics/helidon-metrics/3.1.0/helidon-metrics-3.1.0.jar:/Users/mpredli01/.m2/repository/io/helidon/common/helidon-common-service-loader/3.1.0/helidon-common-service-loader-3.1.0.jar:/Users/mpredli01/.m2/repository/io/helidon/common/helidon-common-configurable/3.1.0/helidon-common-configurable-3.1.0.jar:/Users/mpredli01/.m2/repository/io/helidon/metrics/helidon-metrics-api/3.1.0/helidon-metrics-api-3.1.0.jar:/Users/mpredli01/.m2/repository/io/helidon/metrics/helidon-metrics-service-api/3.1.0/helidon-metrics-service-api-3.1.0.jar:/Users/mpredli01/.m2/repository/org/eclipse/microprofile/metrics/microprofile-metrics-api/4.0/microprofile-metrics-api-4.0.jar:/Users/mpredli01/.m2/repository/io/helidon/webserver/helidon-webserver-cors/3.1.0/helidon-webserver-cors-3.1.0.jar:/Users/mpredli01/.m2/repository/io/helidon/service-common/helidon-service-common-rest/3.1.0/helidon-service-common-rest-3.1.0.jar:/Users/mpredli01/.m2/repository/io/helidon/media/helidon-media-jsonp/3.1.0/helidon-media-jsonp-3.1.0.jar:/Users/mpredli01/.m2/repository/jakarta/json/jakarta.json-api/2.0.1/jakarta.json-api-2.0.1.jar:/Users/mpredli01/.m2/repository/org/eclipse/parsson/parsson/1.0.2/parsson-1.0.2.jar:/Users/mpredli01/.m2/repository/junit/junit/4.11/junit-4.11.jar:/Users/mpredli01/.m2/repository/org/hamcrest/hamcrest-core/1.3/hamcrest-core-1.3.jar:"/>
    <property name="sun.cpu.endian" value="little"/>
    <property name="user.home" value="/Users/mpredli01"/>
    <property name="user.language" value="en"/>
    <property name="java.specification.vendor" value="Oracle Corporation"/>
    <property name="java.version.date" value="2022-01-18"/>
    <property name="java.home" value="/Library/Java/JavaVirtualMachines/jdk-17.0.2.jdk/Contents/Home"/>
    <property name="file.separator" value="/"/>
    <property name="basedir" value="/usr/local/publications/helidon-book/parent-project/config"/>
    <property name="java.vm.compressedOopsMode" value="Zero based"/>
    <property name="line.separator" value="&#10;"/>
    <property name="java.specification.name" value="Java Platform API Specification"/>
    <property name="java.vm.specification.vendor" value="Oracle Corporation"/>
    <property name="surefire.real.class.path" value="/usr/local/publications/helidon-book/parent-project/config/target/surefire/surefirebooter11960522758127432224.jar"/>
    <property name="sun.management.compiler" value="HotSpot 64-Bit Tiered Compilers"/>
    <property name="ftp.nonProxyHosts" value="local|*.local|169.254/16|*.169.254/16"/>
    <property name="java.runtime.version" value="17.0.2+8-LTS-86"/>
    <property name="user.name" value="mpredli01"/>
    <property name="path.separator" value=":"/>
    <property name="os.version" value="10.15.7"/>
    <property name="java.runtime.name" value="Java(TM) SE Runtime Environment"/>
    <property name="file.encoding" value="UTF-8"/>
    <property name="java.vm.name" value="Java HotSpot(TM) 64-Bit Server VM"/>
    <property name="localRepository" value="/Users/mpredli01/.m2/repository"/>
    <property name="java.vendor.url.bug" value="https://bugreport.java.com/bugreport/"/>
    <property name="java.io.tmpdir" value="/var/folders/tt/7lxy2q7d55jbvvv1pnjj05cm0000gn/T/"/>
    <property name="java.version" value="17.0.2"/>
    <property name="user.dir" value="/usr/local/publications/helidon-book/parent-project/config"/>
    <property name="os.arch" value="x86_64"/>
    <property name="java.vm.specification.name" value="Java Virtual Machine Specification"/>
    <property name="native.encoding" value="UTF-8"/>
    <property name="java.library.path" value="/Users/mpredli01/Library/Java/Extensions:/Library/Java/Extensions:/Network/Library/Java/Extensions:/System/Library/Java/Extensions:/usr/lib/java:."/>
    <property name="java.vm.info" value="mixed mode, sharing"/>
    <property name="java.vendor" value="Oracle Corporation"/>
    <property name="java.vm.version" value="17.0.2+8-LTS-86"/>
    <property name="sun.io.unicode.encoding" value="UnicodeBig"/>
    <property name="socksNonProxyHosts" value="local|*.local|169.254/16|*.169.254/16"/>
    <property name="java.class.version" value="61.0"/>
  </properties>
  <testcase name="shouldAnswerWithTrue" classname="org.redlich.AppTest" time="0.001"/>
</testsuite>