<?xml version="1.0" encoding="UTF-8"?>
<testsuite xmlns:xsi="http://www.w3.org/2001/XMLSchema-instance" xsi:noNamespaceSchemaLocation="https://maven.apache.org/surefire/maven-surefire-plugin/xsd/surefire-test-report.xsd" name="org.redlich.config.sources.TestDirectorySourceExample" time="0.006" tests="1" errors="0" skipped="0" failures="0">
  <properties>
    <property name="java.specification.version" value="17"/>
    <property name="sun.jnu.encoding" value="UTF-8"/>
    <property name="java.class.path" value="/usr/local/publications/helidon-book/config/sources/target/test-classes:/usr/local/publications/helidon-book/config/sources/target/classes:/Users/mpredli01/.m2/repository/io/helidon/config/helidon-config/3.2.2/helidon-config-3.2.2.jar:/Users/mpredli01/.m2/repository/jakarta/annotation/jakarta.annotation-api/2.0.0/jakarta.annotation-api-2.0.0.jar:/Users/mpredli01/.m2/repository/io/helidon/common/helidon-common/3.2.2/helidon-common-3.2.2.jar:/Users/mpredli01/.m2/repository/io/helidon/common/helidon-common-media-type/3.2.2/helidon-common-media-type-3.2.2.jar:/Users/mpredli01/.m2/repository/io/helidon/webserver/helidon-webserver/3.2.2/helidon-webserver-3.2.2.jar:/Users/mpredli01/.m2/repository/io/helidon/common/helidon-common-reactive/3.2.2/helidon-common-reactive-3.2.2.jar:/Users/mpredli01/.m2/repository/io/helidon/common/helidon-common-mapper/3.2.2/helidon-common-mapper-3.2.2.jar:/Users/mpredli01/.m2/repository/io/helidon/common/helidon-common-configurable/3.2.2/helidon-common-configurable-3.2.2.jar:/Users/mpredli01/.m2/repository/io/helidon/common/helidon-common-http/3.2.2/helidon-common-http-3.2.2.jar:/Users/mpredli01/.m2/repository/io/helidon/media/helidon-media-common/3.2.2/helidon-media-common-3.2.2.jar:/Users/mpredli01/.m2/repository/io/helidon/common/helidon-common-key-util/3.2.2/helidon-common-key-util-3.2.2.jar:/Users/mpredli01/.m2/repository/io/helidon/logging/helidon-logging-common/3.2.2/helidon-logging-common-3.2.2.jar:/Users/mpredli01/.m2/repository/io/helidon/tracing/helidon-tracing/3.2.2/helidon-tracing-3.2.2.jar:/Users/mpredli01/.m2/repository/io/helidon/tracing/helidon-tracing-config/3.2.2/helidon-tracing-config-3.2.2.jar:/Users/mpredli01/.m2/repository/io/netty/netty-codec-http/4.1.94.Final/netty-codec-http-4.1.94.Final.jar:/Users/mpredli01/.m2/repository/io/netty/netty-common/4.1.94.Final/netty-common-4.1.94.Final.jar:/Users/mpredli01/.m2/repository/io/netty/netty-transport/4.1.94.Final/netty-transport-4.1.94.Final.jar:/Users/mpredli01/.m2/repository/io/netty/netty-codec/4.1.94.Final/netty-codec-4.1.94.Final.jar:/Users/mpredli01/.m2/repository/io/netty/netty-handler/4.1.94.Final/netty-handler-4.1.94.Final.jar:/Users/mpredli01/.m2/repository/io/netty/netty-resolver/4.1.94.Final/netty-resolver-4.1.94.Final.jar:/Users/mpredli01/.m2/repository/io/netty/netty-transport-native-unix-common/4.1.94.Final/netty-transport-native-unix-common-4.1.94.Final.jar:/Users/mpredli01/.m2/repository/io/helidon/webclient/helidon-webclient/3.2.2/helidon-webclient-3.2.2.jar:/Users/mpredli01/.m2/repository/io/helidon/common/helidon-common-context/3.2.2/helidon-common-context-3.2.2.jar:/Users/mpredli01/.m2/repository/io/netty/netty-buffer/4.1.94.Final/netty-buffer-4.1.94.Final.jar:/Users/mpredli01/.m2/repository/io/netty/netty-handler-proxy/4.1.94.Final/netty-handler-proxy-4.1.94.Final.jar:/Users/mpredli01/.m2/repository/io/netty/netty-codec-socks/4.1.94.Final/netty-codec-socks-4.1.94.Final.jar:/Users/mpredli01/.m2/repository/io/netty/netty-resolver-dns/4.1.94.Final/netty-resolver-dns-4.1.94.Final.jar:/Users/mpredli01/.m2/repository/io/netty/netty-codec-dns/4.1.94.Final/netty-codec-dns-4.1.94.Final.jar:/Users/mpredli01/.m2/repository/io/helidon/config/helidon-config-yaml/3.2.2/helidon-config-yaml-3.2.2.jar:/Users/mpredli01/.m2/repository/org/yaml/snakeyaml/2.0/snakeyaml-2.0.jar:/Users/mpredli01/.m2/repository/io/helidon/metrics/helidon-metrics/3.2.2/helidon-metrics-3.2.2.jar:/Users/mpredli01/.m2/repository/io/helidon/common/helidon-common-service-loader/3.2.2/helidon-common-service-loader-3.2.2.jar:/Users/mpredli01/.m2/repository/io/helidon/metrics/helidon-metrics-api/3.2.2/helidon-metrics-api-3.2.2.jar:/Users/mpredli01/.m2/repository/io/helidon/metrics/helidon-metrics-service-api/3.2.2/helidon-metrics-service-api-3.2.2.jar:/Users/mpredli01/.m2/repository/org/eclipse/microprofile/metrics/microprofile-metrics-api/4.0/microprofile-metrics-api-4.0.jar:/Users/mpredli01/.m2/repository/io/helidon/webserver/helidon-webserver-cors/3.2.2/helidon-webserver-cors-3.2.2.jar:/Users/mpredli01/.m2/repository/io/helidon/service-common/helidon-service-common-rest/3.2.2/helidon-service-common-rest-3.2.2.jar:/Users/mpredli01/.m2/repository/io/helidon/media/helidon-media-jsonp/3.2.2/helidon-media-jsonp-3.2.2.jar:/Users/mpredli01/.m2/repository/jakarta/json/jakarta.json-api/2.0.1/jakarta.json-api-2.0.1.jar:/Users/mpredli01/.m2/repository/org/eclipse/parsson/parsson/1.0.2/parsson-1.0.2.jar:/Users/mpredli01/.m2/repository/io/helidon/media/helidon-media-jsonb/3.2.2/helidon-media-jsonb-3.2.2.jar:/Users/mpredli01/.m2/repository/org/eclipse/yasson/2.0.4/yasson-2.0.4.jar:/Users/mpredli01/.m2/repository/jakarta/json/bind/jakarta.json.bind-api/2.0.0/jakarta.json.bind-api-2.0.0.jar:/Users/mpredli01/.m2/repository/org/glassfish/jakarta.json/2.0.0/jakarta.json-2.0.0-module.jar:/Users/mpredli01/.m2/repository/io/helidon/health/helidon-health/3.2.2/helidon-health-3.2.2.jar:/Users/mpredli01/.m2/repository/io/helidon/fault-tolerance/helidon-fault-tolerance/3.2.2/helidon-fault-tolerance-3.2.2.jar:/Users/mpredli01/.m2/repository/org/eclipse/microprofile/health/microprofile-health-api/4.0/microprofile-health-api-4.0.jar:/Users/mpredli01/.m2/repository/io/helidon/health/helidon-health-checks/3.2.2/helidon-health-checks-3.2.2.jar:/Users/mpredli01/.m2/repository/io/helidon/health/helidon-health-common/3.2.2/helidon-health-common-3.2.2.jar:/Users/mpredli01/.m2/repository/org/junit/jupiter/junit-jupiter-api/5.10.0/junit-jupiter-api-5.10.0.jar:/Users/mpredli01/.m2/repository/org/opentest4j/opentest4j/1.3.0/opentest4j-1.3.0.jar:/Users/mpredli01/.m2/repository/org/junit/platform/junit-platform-commons/1.10.0/junit-platform-commons-1.10.0.jar:/Users/mpredli01/.m2/repository/org/apiguardian/apiguardian-api/1.1.2/apiguardian-api-1.1.2.jar:"/>
    <property name="java.vm.vendor" value="Oracle Corporation"/>
    <property name="sun.arch.data.model" value="64"/>
    <property name="java.vendor.url" value="https://java.oracle.com/"/>
    <property name="os.name" value="Mac OS X"/>
    <property name="java.vm.specification.version" value="17"/>
    <property name="sun.java.launcher" value="SUN_STANDARD"/>
    <property name="user.country" value="US"/>
    <property name="sun.boot.library.path" value="/Library/Java/JavaVirtualMachines/jdk-17.0.2.jdk/Contents/Home/lib"/>
    <property name="sun.java.command" value="/usr/local/publications/helidon-book/config/sources/target/surefire/surefirebooter1269834150298701265.jar /usr/local/publications/helidon-book/config/sources/target/surefire 2023-08-20T03-27-32_050-jvmRun1 surefire1323342579070917728tmp surefire_114837098986927761631tmp"/>
    <property name="http.nonProxyHosts" value="local|*.local|169.254/16|*.169.254/16"/>
    <property name="jdk.debug" value="release"/>
    <property name="surefire.test.class.path" value="/usr/local/publications/helidon-book/config/sources/target/test-classes:/usr/local/publications/helidon-book/config/sources/target/classes:/Users/mpredli01/.m2/repository/io/helidon/config/helidon-config/3.2.2/helidon-config-3.2.2.jar:/Users/mpredli01/.m2/repository/jakarta/annotation/jakarta.annotation-api/2.0.0/jakarta.annotation-api-2.0.0.jar:/Users/mpredli01/.m2/repository/io/helidon/common/helidon-common/3.2.2/helidon-common-3.2.2.jar:/Users/mpredli01/.m2/repository/io/helidon/common/helidon-common-media-type/3.2.2/helidon-common-media-type-3.2.2.jar:/Users/mpredli01/.m2/repository/io/helidon/webserver/helidon-webserver/3.2.2/helidon-webserver-3.2.2.jar:/Users/mpredli01/.m2/repository/io/helidon/common/helidon-common-reactive/3.2.2/helidon-common-reactive-3.2.2.jar:/Users/mpredli01/.m2/repository/io/helidon/common/helidon-common-mapper/3.2.2/helidon-common-mapper-3.2.2.jar:/Users/mpredli01/.m2/repository/io/helidon/common/helidon-common-configurable/3.2.2/helidon-common-configurable-3.2.2.jar:/Users/mpredli01/.m2/repository/io/helidon/common/helidon-common-http/3.2.2/helidon-common-http-3.2.2.jar:/Users/mpredli01/.m2/repository/io/helidon/media/helidon-media-common/3.2.2/helidon-media-common-3.2.2.jar:/Users/mpredli01/.m2/repository/io/helidon/common/helidon-common-key-util/3.2.2/helidon-common-key-util-3.2.2.jar:/Users/mpredli01/.m2/repository/io/helidon/logging/helidon-logging-common/3.2.2/helidon-logging-common-3.2.2.jar:/Users/mpredli01/.m2/repository/io/helidon/tracing/helidon-tracing/3.2.2/helidon-tracing-3.2.2.jar:/Users/mpredli01/.m2/repository/io/helidon/tracing/helidon-tracing-config/3.2.2/helidon-tracing-config-3.2.2.jar:/Users/mpredli01/.m2/repository/io/netty/netty-codec-http/4.1.94.Final/netty-codec-http-4.1.94.Final.jar:/Users/mpredli01/.m2/repository/io/netty/netty-common/4.1.94.Final/netty-common-4.1.94.Final.jar:/Users/mpredli01/.m2/repository/io/netty/netty-transport/4.1.94.Final/netty-transport-4.1.94.Final.jar:/Users/mpredli01/.m2/repository/io/netty/netty-codec/4.1.94.Final/netty-codec-4.1.94.Final.jar:/Users/mpredli01/.m2/repository/io/netty/netty-handler/4.1.94.Final/netty-handler-4.1.94.Final.jar:/Users/mpredli01/.m2/repository/io/netty/netty-resolver/4.1.94.Final/netty-resolver-4.1.94.Final.jar:/Users/mpredli01/.m2/repository/io/netty/netty-transport-native-unix-common/4.1.94.Final/netty-transport-native-unix-common-4.1.94.Final.jar:/Users/mpredli01/.m2/repository/io/helidon/webclient/helidon-webclient/3.2.2/helidon-webclient-3.2.2.jar:/Users/mpredli01/.m2/repository/io/helidon/common/helidon-common-context/3.2.2/helidon-common-context-3.2.2.jar:/Users/mpredli01/.m2/repository/io/netty/netty-buffer/4.1.94.Final/netty-buffer-4.1.94.Final.jar:/Users/mpredli01/.m2/repository/io/netty/netty-handler-proxy/4.1.94.Final/netty-handler-proxy-4.1.94.Final.jar:/Users/mpredli01/.m2/repository/io/netty/netty-codec-socks/4.1.94.Final/netty-codec-socks-4.1.94.Final.jar:/Users/mpredli01/.m2/repository/io/netty/netty-resolver-dns/4.1.94.Final/netty-resolver-dns-4.1.94.Final.jar:/Users/mpredli01/.m2/repository/io/netty/netty-codec-dns/4.1.94.Final/netty-codec-dns-4.1.94.Final.jar:/Users/mpredli01/.m2/repository/io/helidon/config/helidon-config-yaml/3.2.2/helidon-config-yaml-3.2.2.jar:/Users/mpredli01/.m2/repository/org/yaml/snakeyaml/2.0/snakeyaml-2.0.jar:/Users/mpredli01/.m2/repository/io/helidon/metrics/helidon-metrics/3.2.2/helidon-metrics-3.2.2.jar:/Users/mpredli01/.m2/repository/io/helidon/common/helidon-common-service-loader/3.2.2/helidon-common-service-loader-3.2.2.jar:/Users/mpredli01/.m2/repository/io/helidon/metrics/helidon-metrics-api/3.2.2/helidon-metrics-api-3.2.2.jar:/Users/mpredli01/.m2/repository/io/helidon/metrics/helidon-metrics-service-api/3.2.2/helidon-metrics-service-api-3.2.2.jar:/Users/mpredli01/.m2/repository/org/eclipse/microprofile/metrics/microprofile-metrics-api/4.0/microprofile-metrics-api-4.0.jar:/Users/mpredli01/.m2/repository/io/helidon/webserver/helidon-webserver-cors/3.2.2/helidon-webserver-cors-3.2.2.jar:/Users/mpredli01/.m2/repository/io/helidon/service-common/helidon-service-common-rest/3.2.2/helidon-service-common-rest-3.2.2.jar:/Users/mpredli01/.m2/repository/io/helidon/media/helidon-media-jsonp/3.2.2/helidon-media-jsonp-3.2.2.jar:/Users/mpredli01/.m2/repository/jakarta/json/jakarta.json-api/2.0.1/jakarta.json-api-2.0.1.jar:/Users/mpredli01/.m2/repository/org/eclipse/parsson/parsson/1.0.2/parsson-1.0.2.jar:/Users/mpredli01/.m2/repository/io/helidon/media/helidon-media-jsonb/3.2.2/helidon-media-jsonb-3.2.2.jar:/Users/mpredli01/.m2/repository/org/eclipse/yasson/2.0.4/yasson-2.0.4.jar:/Users/mpredli01/.m2/repository/jakarta/json/bind/jakarta.json.bind-api/2.0.0/jakarta.json.bind-api-2.0.0.jar:/Users/mpredli01/.m2/repository/org/glassfish/jakarta.json/2.0.0/jakarta.json-2.0.0-module.jar:/Users/mpredli01/.m2/repository/io/helidon/health/helidon-health/3.2.2/helidon-health-3.2.2.jar:/Users/mpredli01/.m2/repository/io/helidon/fault-tolerance/helidon-fault-tolerance/3.2.2/helidon-fault-tolerance-3.2.2.jar:/Users/mpredli01/.m2/repository/org/eclipse/microprofile/health/microprofile-health-api/4.0/microprofile-health-api-4.0.jar:/Users/mpredli01/.m2/repository/io/helidon/health/helidon-health-checks/3.2.2/helidon-health-checks-3.2.2.jar:/Users/mpredli01/.m2/repository/io/helidon/health/helidon-health-common/3.2.2/helidon-health-common-3.2.2.jar:/Users/mpredli01/.m2/repository/org/junit/jupiter/junit-jupiter-api/5.10.0/junit-jupiter-api-5.10.0.jar:/Users/mpredli01/.m2/repository/org/opentest4j/opentest4j/1.3.0/opentest4j-1.3.0.jar:/Users/mpredli01/.m2/repository/org/junit/platform/junit-platform-commons/1.10.0/junit-platform-commons-1.10.0.jar:/Users/mpredli01/.m2/repository/org/apiguardian/apiguardian-api/1.1.2/apiguardian-api-1.1.2.jar:"/>
    <property name="sun.cpu.endian" value="little"/>
    <property name="user.home" value="/Users/mpredli01"/>
    <property name="user.language" value="en"/>
    <property name="java.specification.vendor" value="Oracle Corporation"/>
    <property name="java.version.date" value="2022-01-18"/>
    <property name="java.home" value="/Library/Java/JavaVirtualMachines/jdk-17.0.2.jdk/Contents/Home"/>
    <property name="file.separator" value="/"/>
    <property name="basedir" value="/usr/local/publications/helidon-book/config/sources"/>
    <property name="java.vm.compressedOopsMode" value="Zero based"/>
    <property name="line.separator" value="&#10;"/>
    <property name="java.specification.name" value="Java Platform API Specification"/>
    <property name="java.vm.specification.vendor" value="Oracle Corporation"/>
    <property name="surefire.real.class.path" value="/usr/local/publications/helidon-book/config/sources/target/surefire/surefirebooter1269834150298701265.jar"/>
    <property name="sun.management.compiler" value="HotSpot 64-Bit Tiered Compilers"/>
    <property name="ftp.nonProxyHosts" value="local|*.local|169.254/16|*.169.254/16"/>
    <property name="java.runtime.version" value="17.0.2+8-LTS-86"/>
    <property name="user.name" value="mpredli01"/>
    <property name="path.separator" value=":"/>
    <property name="os.version" value="10.15.7"/>
    <property name="java.runtime.name" value="Java(TM) SE Runtime Environment"/>
    <property name="file.encoding" value="UTF-8"/>
    <property name="java.vm.name" value="Java HotSpot(TM) 64-Bit Server VM"/>
    <property name="localRepository" value="/Users/mpredli01/.m2/repository"/>
    <property name="java.vendor.url.bug" value="https://bugreport.java.com/bugreport/"/>
    <property name="java.io.tmpdir" value="/var/folders/tt/7lxy2q7d55jbvvv1pnjj05cm0000gn/T/"/>
    <property name="java.version" value="17.0.2"/>
    <property name="user.dir" value="/usr/local/publications/helidon-book/config/sources"/>
    <property name="os.arch" value="x86_64"/>
    <property name="java.vm.specification.name" value="Java Virtual Machine Specification"/>
    <property name="native.encoding" value="UTF-8"/>
    <property name="java.library.path" value="/Users/mpredli01/Library/Java/Extensions:/Library/Java/Extensions:/Network/Library/Java/Extensions:/System/Library/Java/Extensions:/usr/lib/java:."/>
    <property name="java.vm.info" value="mixed mode, sharing"/>
    <property name="java.vendor" value="Oracle Corporation"/>
    <property name="java.vm.version" value="17.0.2+8-LTS-86"/>
    <property name="sun.io.unicode.encoding" value="UnicodeBig"/>
    <property name="socksNonProxyHosts" value="local|*.local|169.254/16|*.169.254/16"/>
    <property name="java.class.version" value="61.0"/>
  </properties>
  <testcase name="org.redlich.config.sources.TestDirectorySourceExample.testDirectorySourceExample" classname="org.redlich.config.sources.TestDirectorySourceExample" time="0.004"/>
</testsuite>